# JRE version: Java(TM) SE Runtime Environment (17.0.6+9) (build 17.0.6+9-LTS-190)
# Java VM: Java HotSpot(TM) 64-Bit Server VM (17.0.6+9-LTS-190, mixed mode, emulated-client, sharing, tiered, compressed oops, compressed class ptrs, g1 gc, windows-amd64)
GC Precious Log:
 CPUs: 6 total, 6 available
 Memory: 16319M
 Large Page Support: Disabled
 NUMA Support: Disabled
 Compressed Oops: Enabled (Zero based)
 Heap Region Size: 2M
 Heap Min Capacity: 8M
 Heap Initial Capacity: 256M
 Heap Max Capacity: 4080M
 Pre-touch: Disabled
 Parallel Workers: 6
 Concurrent Workers: 2
 Concurrent Refinement Workers: 6
 Periodic GC: Disabled
Heap:
 garbage-first heap   total 266240K, used 215237K [0x0000000701000000, 0x0000000800000000)
  region size 2048K, 57 young (116736K), 5 survivors (10240K)
 Metaspace       used 63950K, committed 64512K, reserved 1105920K
  class space    used 8753K, committed 9024K, reserved 1048576K
GC Heap History (20 events):
Event: 30345.355 GC heap before
{Heap before GC invocations=2126 (full 1809):
 garbage-first heap   total 266240K, used 212289K [0x0000000701000000, 0x0000000800000000)
  region size 2048K, 61 young (124928K), 0 survivors (0K)
 Metaspace       used 63950K, committed 64512K, reserved 1105920K
  class space    used 8753K, committed 9024K, reserved 1048576K
}
Event: 30345.362 GC heap after
{Heap after GC invocations=2127 (full 1809):
 garbage-first heap   total 266240K, used 97601K [0x0000000701000000, 0x0000000800000000)
  region size 2048K, 5 young (10240K), 5 survivors (10240K)
 Metaspace       used 63950K, committed 64512K, reserved 1105920K
  class space    used 8753K, committed 9024K, reserved 1048576K
}
Event: 30353.724 GC heap before
{Heap before GC invocations=2128 (full 1809):
 garbage-first heap   total 266240K, used 204097K [0x0000000701000000, 0x0000000800000000)
  region size 2048K, 61 young (124928K), 5 survivors (10240K)
 Metaspace       used 63950K, committed 64512K, reserved 1105920K
  class space    used 8753K, committed 9024K, reserved 1048576K
}
Event: 30353.730 GC heap after
{Heap after GC invocations=2129 (full 1809):
 garbage-first heap   total 266240K, used 93199K [0x0000000701000000, 0x0000000800000000)
  region size 2048K, 6 young (12288K), 6 survivors (12288K)
 Metaspace       used 63950K, committed 64512K, reserved 1105920K
  class space    used 8753K, committed 9024K, reserved 1048576K
}
Event: 30353.733 GC heap before
{Heap before GC invocations=2129 (full 1809):
 garbage-first heap   total 266240K, used 95247K [0x0000000701000000, 0x0000000800000000)
  region size 2048K, 7 young (14336K), 6 survivors (12288K)
 Metaspace       used 63950K, committed 64512K, reserved 1105920K
  class space    used 8753K, committed 9024K, reserved 1048576K
}
Event: 30353.740 GC heap after
{Heap after GC invocations=2130 (full 1809):
 garbage-first heap   total 266240K, used 92847K [0x0000000701000000, 0x0000000800000000)
  region size 2048K, 1 young (2048K), 1 survivors (2048K)
 Metaspace       used 63950K, committed 64512K, reserved 1105920K
  class space    used 8753K, committed 9024K, reserved 1048576K
}
Event: 30358.924 GC heap before
{Heap before GC invocations=2130 (full 1809):
 garbage-first heap   total 266240K, used 209583K [0x0000000701000000, 0x0000000800000000)
  region size 2048K, 58 young (118784K), 1 survivors (2048K)
 Metaspace       used 63950K, committed 64512K, reserved 1105920K
  class space    used 8753K, committed 9024K, reserved 1048576K
}
Event: 30358.929 GC heap after
{Heap after GC invocations=2131 (full 1809):
 garbage-first heap   total 266240K, used 101130K [0x0000000701000000, 0x0000000800000000)
  region size 2048K, 5 young (10240K), 5 survivors (10240K)
 Metaspace       used 63950K, committed 64512K, reserved 1105920K
  class space    used 8753K, committed 9024K, reserved 1048576K
}
Event: 30365.466 GC heap before
{Heap before GC invocations=2131 (full 1809):
 garbage-first heap   total 266240K, used 209674K [0x0000000701000000, 0x0000000800000000)
  region size 2048K, 58 young (118784K), 5 survivors (10240K)
 Metaspace       used 63950K, committed 64512K, reserved 1105920K
  class space    used 8753K, committed 9024K, reserved 1048576K
}
Event: 30365.470 GC heap after
{Heap after GC invocations=2132 (full 1809):
 garbage-first heap   total 266240K, used 100652K [0x0000000701000000, 0x0000000800000000)
  region size 2048K, 4 young (8192K), 4 survivors (8192K)
 Metaspace       used 63950K, committed 64512K, reserved 1105920K
  class space    used 8753K, committed 9024K, reserved 1048576K
}
Event: 30371.767 GC heap before
{Heap before GC invocations=2132 (full 1809):
 garbage-first heap   total 266240K, used 211244K [0x0000000701000000, 0x0000000800000000)
  region size 2048K, 58 young (118784K), 4 survivors (8192K)
 Metaspace       used 63950K, committed 64512K, reserved 1105920K
  class space    used 8753K, committed 9024K, reserved 1048576K
}
Event: 30371.771 GC heap after
{Heap after GC invocations=2133 (full 1809):
 garbage-first heap   total 266240K, used 102853K [0x0000000701000000, 0x0000000800000000)
  region size 2048K, 5 young (10240K), 5 survivors (10240K)
 Metaspace       used 63950K, committed 64512K, reserved 1105920K
  class space    used 8753K, committed 9024K, reserved 1048576K
}
Event: 30388.090 GC heap before
{Heap before GC invocations=2134 (full 1809):
 garbage-first heap   total 266240K, used 211397K [0x0000000701000000, 0x0000000800000000)
  region size 2048K, 58 young (118784K), 5 survivors (10240K)
 Metaspace       used 63950K, committed 64512K, reserved 1105920K
  class space    used 8753K, committed 9024K, reserved 1048576K
}
Event: 30388.096 GC heap after
{Heap after GC invocations=2135 (full 1809):
 garbage-first heap   total 266240K, used 107812K [0x0000000701000000, 0x0000000800000000)
  region size 2048K, 7 young (14336K), 7 survivors (14336K)
 Metaspace       used 63950K, committed 64512K, reserved 1105920K
  class space    used 8753K, committed 9024K, reserved 1048576K
}
Event: 30388.100 GC heap before
{Heap before GC invocations=2135 (full 1809):
 garbage-first heap   total 266240K, used 109860K [0x0000000701000000, 0x0000000800000000)
  region size 2048K, 8 young (16384K), 7 survivors (14336K)
 Metaspace       used 63950K, committed 64512K, reserved 1105920K
  class space    used 8753K, committed 9024K, reserved 1048576K
}
Event: 30388.138 GC heap after
{Heap after GC invocations=2136 (full 1809):
 garbage-first heap   total 266240K, used 102394K [0x0000000701000000, 0x0000000800000000)
  region size 2048K, 1 young (2048K), 1 survivors (2048K)
 Metaspace       used 63950K, committed 64512K, reserved 1105920K
  class space    used 8753K, committed 9024K, reserved 1048576K
}
Event: 30393.679 GC heap before
{Heap before GC invocations=2136 (full 1809):
 garbage-first heap   total 266240K, used 212986K [0x0000000701000000, 0x0000000800000000)
  region size 2048K, 55 young (112640K), 1 survivors (2048K)
 Metaspace       used 63950K, committed 64512K, reserved 1105920K
  class space    used 8753K, committed 9024K, reserved 1048576K
}
Event: 30393.681 GC heap after
{Heap after GC invocations=2137 (full 1809):
 garbage-first heap   total 266240K, used 103629K [0x0000000701000000, 0x0000000800000000)
  region size 2048K, 2 young (4096K), 2 survivors (4096K)
 Metaspace       used 63950K, committed 64512K, reserved 1105920K
  class space    used 8753K, committed 9024K, reserved 1048576K
}
Event: 30394.508 GC heap before
{Heap before GC invocations=2137 (full 1809):
 garbage-first heap   total 266240K, used 216269K [0x0000000701000000, 0x0000000800000000)
  region size 2048K, 57 young (116736K), 2 survivors (4096K)
 Metaspace       used 63950K, committed 64512K, reserved 1105920K
  class space    used 8753K, committed 9024K, reserved 1048576K
}
Event: 30394.512 GC heap after
{Heap after GC invocations=2138 (full 1809):
 garbage-first heap   total 266240K, used 108741K [0x0000000701000000, 0x0000000800000000)
  region size 2048K, 5 young (10240K), 5 survivors (10240K)
 Metaspace       used 63950K, committed 64512K, reserved 1105920K
  class space    used 8753K, committed 9024K, reserved 1048576K
}

